<?xml version="1.0" encoding="UTF-8"?>
<testsuite xmlns:xsi="http://www.w3.org/2001/XMLSchema-instance" xsi:noNamespaceSchemaLocation="https://maven.apache.org/surefire/maven-surefire-plugin/xsd/surefire-test-report-3.0.xsd" version="3.0" name="TestSuite" time="1.08" tests="3" errors="0" skipped="2" failures="1">
  <properties>
    <property name="sun.desktop" value="windows"/>
    <property name="awt.toolkit" value="sun.awt.windows.WToolkit"/>
    <property name="file.encoding.pkg" value="sun.io"/>
    <property name="java.specification.version" value="1.8"/>
    <property name="sun.cpu.isalist" value="amd64"/>
    <property name="sun.jnu.encoding" value="Cp1252"/>
    <property name="java.class.path" value="C:\Users\Sudhansu\git\repository\Framework1\target\test-classes;C:\Users\Sudhansu\git\repository\Framework1\target\classes;C:\Users\Sudhansu\.m2\repository\org\seleniumhq\selenium\selenium-java\2.48.2\selenium-java-2.48.2.jar;C:\Users\Sudhansu\.m2\repository\org\seleniumhq\selenium\selenium-chrome-driver\2.48.2\selenium-chrome-driver-2.48.2.jar;C:\Users\Sudhansu\.m2\repository\org\seleniumhq\selenium\selenium-remote-driver\2.48.2\selenium-remote-driver-2.48.2.jar;C:\Users\Sudhansu\.m2\repository\cglib\cglib-nodep\2.1_3\cglib-nodep-2.1_3.jar;C:\Users\Sudhansu\.m2\repository\org\seleniumhq\selenium\selenium-api\2.48.2\selenium-api-2.48.2.jar;C:\Users\Sudhansu\.m2\repository\com\google\guava\guava\18.0\guava-18.0.jar;C:\Users\Sudhansu\.m2\repository\org\seleniumhq\selenium\selenium-edge-driver\2.48.2\selenium-edge-driver-2.48.2.jar;C:\Users\Sudhansu\.m2\repository\commons-io\commons-io\2.4\commons-io-2.4.jar;C:\Users\Sudhansu\.m2\repository\org\apache\commons\commons-exec\1.3\commons-exec-1.3.jar;C:\Users\Sudhansu\.m2\repository\org\seleniumhq\selenium\selenium-htmlunit-driver\2.48.2\selenium-htmlunit-driver-2.48.2.jar;C:\Users\Sudhansu\.m2\repository\net\sourceforge\htmlunit\htmlunit\2.18\htmlunit-2.18.jar;C:\Users\Sudhansu\.m2\repository\xalan\xalan\2.7.2\xalan-2.7.2.jar;C:\Users\Sudhansu\.m2\repository\xalan\serializer\2.7.2\serializer-2.7.2.jar;C:\Users\Sudhansu\.m2\repository\org\apache\commons\commons-lang3\3.4\commons-lang3-3.4.jar;C:\Users\Sudhansu\.m2\repository\net\sourceforge\htmlunit\htmlunit-core-js\2.17\htmlunit-core-js-2.17.jar;C:\Users\Sudhansu\.m2\repository\xerces\xercesImpl\2.11.0\xercesImpl-2.11.0.jar;C:\Users\Sudhansu\.m2\repository\xml-apis\xml-apis\1.4.01\xml-apis-1.4.01.jar;C:\Users\Sudhansu\.m2\repository\net\sourceforge\nekohtml\nekohtml\1.9.22\nekohtml-1.9.22.jar;C:\Users\Sudhansu\.m2\repository\net\sourceforge\cssparser\cssparser\0.9.16\cssparser-0.9.16.jar;C:\Users\Sudhansu\.m2\repository\org\w3c\css\sac\1.3\sac-1.3.jar;C:\Users\Sudhansu\.m2\repository\org\eclipse\jetty\websocket\websocket-client\9.2.12.v20150709\websocket-client-9.2.12.v20150709.jar;C:\Users\Sudhansu\.m2\repository\org\eclipse\jetty\jetty-util\9.2.12.v20150709\jetty-util-9.2.12.v20150709.jar;C:\Users\Sudhansu\.m2\repository\org\eclipse\jetty\jetty-io\9.2.12.v20150709\jetty-io-9.2.12.v20150709.jar;C:\Users\Sudhansu\.m2\repository\org\eclipse\jetty\websocket\websocket-common\9.2.12.v20150709\websocket-common-9.2.12.v20150709.jar;C:\Users\Sudhansu\.m2\repository\org\eclipse\jetty\websocket\websocket-api\9.2.12.v20150709\websocket-api-9.2.12.v20150709.jar;C:\Users\Sudhansu\.m2\repository\org\seleniumhq\selenium\selenium-firefox-driver\2.48.2\selenium-firefox-driver-2.48.2.jar;C:\Users\Sudhansu\.m2\repository\org\seleniumhq\selenium\selenium-ie-driver\2.48.2\selenium-ie-driver-2.48.2.jar;C:\Users\Sudhansu\.m2\repository\net\java\dev\jna\jna\4.1.0\jna-4.1.0.jar;C:\Users\Sudhansu\.m2\repository\net\java\dev\jna\jna-platform\4.1.0\jna-platform-4.1.0.jar;C:\Users\Sudhansu\.m2\repository\org\seleniumhq\selenium\selenium-safari-driver\2.48.2\selenium-safari-driver-2.48.2.jar;C:\Users\Sudhansu\.m2\repository\org\seleniumhq\selenium\selenium-support\2.48.2\selenium-support-2.48.2.jar;C:\Users\Sudhansu\.m2\repository\org\webbitserver\webbit\0.4.14\webbit-0.4.14.jar;C:\Users\Sudhansu\.m2\repository\io\netty\netty\3.5.2.Final\netty-3.5.2.Final.jar;C:\Users\Sudhansu\.m2\repository\org\seleniumhq\selenium\selenium-leg-rc\2.48.2\selenium-leg-rc-2.48.2.jar;C:\Users\Sudhansu\.m2\repository\org\apache\poi\poi\3.17\poi-3.17.jar;C:\Users\Sudhansu\.m2\repository\commons-codec\commons-codec\1.10\commons-codec-1.10.jar;C:\Users\Sudhansu\.m2\repository\org\apache\commons\commons-collections4\4.1\commons-collections4-4.1.jar;C:\Users\Sudhansu\.m2\repository\org\apache\poi\poi-ooxml\3.17\poi-ooxml-3.17.jar;C:\Users\Sudhansu\.m2\repository\org\apache\poi\poi-ooxml-schemas\3.17\poi-ooxml-schemas-3.17.jar;C:\Users\Sudhansu\.m2\repository\org\apache\xmlbeans\xmlbeans\2.6.0\xmlbeans-2.6.0.jar;C:\Users\Sudhansu\.m2\repository\stax\stax-api\1.0.1\stax-api-1.0.1.jar;C:\Users\Sudhansu\.m2\repository\com\github\virtuald\curvesapi\1.04\curvesapi-1.04.jar;C:\Users\Sudhansu\.m2\repository\org\testng\testng\6.11\testng-6.11.jar;C:\Users\Sudhansu\.m2\repository\com\beust\jcommander\1.64\jcommander-1.64.jar;C:\Users\Sudhansu\.m2\repository\org\yaml\snakeyaml\1.17\snakeyaml-1.17.jar;C:\Users\Sudhansu\.m2\repository\net\rcarz\jira-client\0.5\jira-client-0.5.jar;C:\Users\Sudhansu\.m2\repository\org\apache\httpcomponents\httpclient\4.2.5\httpclient-4.2.5.jar;C:\Users\Sudhansu\.m2\repository\org\apache\httpcomponents\httpcore\4.2.4\httpcore-4.2.4.jar;C:\Users\Sudhansu\.m2\repository\commons-logging\commons-logging\1.1.1\commons-logging-1.1.1.jar;C:\Users\Sudhansu\.m2\repository\org\apache\httpcomponents\httpmime\4.2.5\httpmime-4.2.5.jar;C:\Users\Sudhansu\.m2\repository\net\sf\json-lib\json-lib\2.4\json-lib-2.4-jdk15.jar;C:\Users\Sudhansu\.m2\repository\commons-beanutils\commons-beanutils\1.8.0\commons-beanutils-1.8.0.jar;C:\Users\Sudhansu\.m2\repository\commons-collections\commons-collections\3.2.1\commons-collections-3.2.1.jar;C:\Users\Sudhansu\.m2\repository\commons-lang\commons-lang\2.5\commons-lang-2.5.jar;C:\Users\Sudhansu\.m2\repository\net\sf\ezmorph\ezmorph\1.0.6\ezmorph-1.0.6.jar;C:\Users\Sudhansu\.m2\repository\joda-time\joda-time\2.3\joda-time-2.3.jar;C:\Users\Sudhansu\.m2\repository\junit\junit\4.8.2\junit-4.8.2.jar;C:\Users\Sudhansu\.m2\repository\org\mockito\mockito-all\1.9.0\mockito-all-1.9.0.jar;C:\Users\Sudhansu\.m2\repository\commons-httpclient\commons-httpclient\3.1\commons-httpclient-3.1.jar;C:\Users\Sudhansu\.m2\repository\com\aventstack\extentreports\4.0.0\extentreports-4.0.0.jar;C:\Users\Sudhansu\.m2\repository\org\freemarker\freemarker\2.3.23\freemarker-2.3.23.jar;C:\Users\Sudhansu\.m2\repository\org\mongodb\mongodb-driver\3.3.0\mongodb-driver-3.3.0.jar;C:\Users\Sudhansu\.m2\repository\org\mongodb\mongodb-driver-core\3.3.0\mongodb-driver-core-3.3.0.jar;C:\Users\Sudhansu\.m2\repository\org\mongodb\bson\3.3.0\bson-3.3.0.jar;C:\Users\Sudhansu\.m2\repository\com\google\code\gson\gson\2.8.5\gson-2.8.5.jar;"/>
    <property name="java.vm.vendor" value="Oracle Corporation"/>
    <property name="sun.arch.data.model" value="64"/>
    <property name="user.variant" value=""/>
    <property name="java.vendor.url" value="http://java.oracle.com/"/>
    <property name="user.timezone" value="Asia/Calcutta"/>
    <property name="java.vm.specification.version" value="1.8"/>
    <property name="os.name" value="Windows 7"/>
    <property name="user.country" value="US"/>
    <property name="sun.java.launcher" value="SUN_STANDARD"/>
    <property name="sun.boot.library.path" value="C:\Program Files\Java\jdk1.8.0_102\jre\bin"/>
    <property name="sun.java.command" value="C:\Users\Sudhansu\AppData\Local\Temp\surefire4325713984943019774\surefirebooter7495197454745598091.jar C:\Users\Sudhansu\AppData\Local\Temp\surefire4325713984943019774 2020-09-08T11-44-37_632-jvmRun1 surefire1017135246809152283tmp surefire_03902219197418298454tmp"/>
    <property name="surefire.test.class.path" value="C:\Users\Sudhansu\git\repository\Framework1\target\test-classes;C:\Users\Sudhansu\git\repository\Framework1\target\classes;C:\Users\Sudhansu\.m2\repository\org\seleniumhq\selenium\selenium-java\2.48.2\selenium-java-2.48.2.jar;C:\Users\Sudhansu\.m2\repository\org\seleniumhq\selenium\selenium-chrome-driver\2.48.2\selenium-chrome-driver-2.48.2.jar;C:\Users\Sudhansu\.m2\repository\org\seleniumhq\selenium\selenium-remote-driver\2.48.2\selenium-remote-driver-2.48.2.jar;C:\Users\Sudhansu\.m2\repository\cglib\cglib-nodep\2.1_3\cglib-nodep-2.1_3.jar;C:\Users\Sudhansu\.m2\repository\org\seleniumhq\selenium\selenium-api\2.48.2\selenium-api-2.48.2.jar;C:\Users\Sudhansu\.m2\repository\com\google\guava\guava\18.0\guava-18.0.jar;C:\Users\Sudhansu\.m2\repository\org\seleniumhq\selenium\selenium-edge-driver\2.48.2\selenium-edge-driver-2.48.2.jar;C:\Users\Sudhansu\.m2\repository\commons-io\commons-io\2.4\commons-io-2.4.jar;C:\Users\Sudhansu\.m2\repository\org\apache\commons\commons-exec\1.3\commons-exec-1.3.jar;C:\Users\Sudhansu\.m2\repository\org\seleniumhq\selenium\selenium-htmlunit-driver\2.48.2\selenium-htmlunit-driver-2.48.2.jar;C:\Users\Sudhansu\.m2\repository\net\sourceforge\htmlunit\htmlunit\2.18\htmlunit-2.18.jar;C:\Users\Sudhansu\.m2\repository\xalan\xalan\2.7.2\xalan-2.7.2.jar;C:\Users\Sudhansu\.m2\repository\xalan\serializer\2.7.2\serializer-2.7.2.jar;C:\Users\Sudhansu\.m2\repository\org\apache\commons\commons-lang3\3.4\commons-lang3-3.4.jar;C:\Users\Sudhansu\.m2\repository\net\sourceforge\htmlunit\htmlunit-core-js\2.17\htmlunit-core-js-2.17.jar;C:\Users\Sudhansu\.m2\repository\xerces\xercesImpl\2.11.0\xercesImpl-2.11.0.jar;C:\Users\Sudhansu\.m2\repository\xml-apis\xml-apis\1.4.01\xml-apis-1.4.01.jar;C:\Users\Sudhansu\.m2\repository\net\sourceforge\nekohtml\nekohtml\1.9.22\nekohtml-1.9.22.jar;C:\Users\Sudhansu\.m2\repository\net\sourceforge\cssparser\cssparser\0.9.16\cssparser-0.9.16.jar;C:\Users\Sudhansu\.m2\repository\org\w3c\css\sac\1.3\sac-1.3.jar;C:\Users\Sudhansu\.m2\repository\org\eclipse\jetty\websocket\websocket-client\9.2.12.v20150709\websocket-client-9.2.12.v20150709.jar;C:\Users\Sudhansu\.m2\repository\org\eclipse\jetty\jetty-util\9.2.12.v20150709\jetty-util-9.2.12.v20150709.jar;C:\Users\Sudhansu\.m2\repository\org\eclipse\jetty\jetty-io\9.2.12.v20150709\jetty-io-9.2.12.v20150709.jar;C:\Users\Sudhansu\.m2\repository\org\eclipse\jetty\websocket\websocket-common\9.2.12.v20150709\websocket-common-9.2.12.v20150709.jar;C:\Users\Sudhansu\.m2\repository\org\eclipse\jetty\websocket\websocket-api\9.2.12.v20150709\websocket-api-9.2.12.v20150709.jar;C:\Users\Sudhansu\.m2\repository\org\seleniumhq\selenium\selenium-firefox-driver\2.48.2\selenium-firefox-driver-2.48.2.jar;C:\Users\Sudhansu\.m2\repository\org\seleniumhq\selenium\selenium-ie-driver\2.48.2\selenium-ie-driver-2.48.2.jar;C:\Users\Sudhansu\.m2\repository\net\java\dev\jna\jna\4.1.0\jna-4.1.0.jar;C:\Users\Sudhansu\.m2\repository\net\java\dev\jna\jna-platform\4.1.0\jna-platform-4.1.0.jar;C:\Users\Sudhansu\.m2\repository\org\seleniumhq\selenium\selenium-safari-driver\2.48.2\selenium-safari-driver-2.48.2.jar;C:\Users\Sudhansu\.m2\repository\org\seleniumhq\selenium\selenium-support\2.48.2\selenium-support-2.48.2.jar;C:\Users\Sudhansu\.m2\repository\org\webbitserver\webbit\0.4.14\webbit-0.4.14.jar;C:\Users\Sudhansu\.m2\repository\io\netty\netty\3.5.2.Final\netty-3.5.2.Final.jar;C:\Users\Sudhansu\.m2\repository\org\seleniumhq\selenium\selenium-leg-rc\2.48.2\selenium-leg-rc-2.48.2.jar;C:\Users\Sudhansu\.m2\repository\org\apache\poi\poi\3.17\poi-3.17.jar;C:\Users\Sudhansu\.m2\repository\commons-codec\commons-codec\1.10\commons-codec-1.10.jar;C:\Users\Sudhansu\.m2\repository\org\apache\commons\commons-collections4\4.1\commons-collections4-4.1.jar;C:\Users\Sudhansu\.m2\repository\org\apache\poi\poi-ooxml\3.17\poi-ooxml-3.17.jar;C:\Users\Sudhansu\.m2\repository\org\apache\poi\poi-ooxml-schemas\3.17\poi-ooxml-schemas-3.17.jar;C:\Users\Sudhansu\.m2\repository\org\apache\xmlbeans\xmlbeans\2.6.0\xmlbeans-2.6.0.jar;C:\Users\Sudhansu\.m2\repository\stax\stax-api\1.0.1\stax-api-1.0.1.jar;C:\Users\Sudhansu\.m2\repository\com\github\virtuald\curvesapi\1.04\curvesapi-1.04.jar;C:\Users\Sudhansu\.m2\repository\org\testng\testng\6.11\testng-6.11.jar;C:\Users\Sudhansu\.m2\repository\com\beust\jcommander\1.64\jcommander-1.64.jar;C:\Users\Sudhansu\.m2\repository\org\yaml\snakeyaml\1.17\snakeyaml-1.17.jar;C:\Users\Sudhansu\.m2\repository\net\rcarz\jira-client\0.5\jira-client-0.5.jar;C:\Users\Sudhansu\.m2\repository\org\apache\httpcomponents\httpclient\4.2.5\httpclient-4.2.5.jar;C:\Users\Sudhansu\.m2\repository\org\apache\httpcomponents\httpcore\4.2.4\httpcore-4.2.4.jar;C:\Users\Sudhansu\.m2\repository\commons-logging\commons-logging\1.1.1\commons-logging-1.1.1.jar;C:\Users\Sudhansu\.m2\repository\org\apache\httpcomponents\httpmime\4.2.5\httpmime-4.2.5.jar;C:\Users\Sudhansu\.m2\repository\net\sf\json-lib\json-lib\2.4\json-lib-2.4-jdk15.jar;C:\Users\Sudhansu\.m2\repository\commons-beanutils\commons-beanutils\1.8.0\commons-beanutils-1.8.0.jar;C:\Users\Sudhansu\.m2\repository\commons-collections\commons-collections\3.2.1\commons-collections-3.2.1.jar;C:\Users\Sudhansu\.m2\repository\commons-lang\commons-lang\2.5\commons-lang-2.5.jar;C:\Users\Sudhansu\.m2\repository\net\sf\ezmorph\ezmorph\1.0.6\ezmorph-1.0.6.jar;C:\Users\Sudhansu\.m2\repository\joda-time\joda-time\2.3\joda-time-2.3.jar;C:\Users\Sudhansu\.m2\repository\junit\junit\4.8.2\junit-4.8.2.jar;C:\Users\Sudhansu\.m2\repository\org\mockito\mockito-all\1.9.0\mockito-all-1.9.0.jar;C:\Users\Sudhansu\.m2\repository\commons-httpclient\commons-httpclient\3.1\commons-httpclient-3.1.jar;C:\Users\Sudhansu\.m2\repository\com\aventstack\extentreports\4.0.0\extentreports-4.0.0.jar;C:\Users\Sudhansu\.m2\repository\org\freemarker\freemarker\2.3.23\freemarker-2.3.23.jar;C:\Users\Sudhansu\.m2\repository\org\mongodb\mongodb-driver\3.3.0\mongodb-driver-3.3.0.jar;C:\Users\Sudhansu\.m2\repository\org\mongodb\mongodb-driver-core\3.3.0\mongodb-driver-core-3.3.0.jar;C:\Users\Sudhansu\.m2\repository\org\mongodb\bson\3.3.0\bson-3.3.0.jar;C:\Users\Sudhansu\.m2\repository\com\google\code\gson\gson\2.8.5\gson-2.8.5.jar;"/>
    <property name="sun.cpu.endian" value="little"/>
    <property name="user.home" value="C:\Users\Sudhansu"/>
    <property name="user.language" value="en"/>
    <property name="java.specification.vendor" value="Oracle Corporation"/>
    <property name="java.home" value="C:\Program Files\Java\jdk1.8.0_102\jre"/>
    <property name="basedir" value="C:\Users\Sudhansu\git\repository\Framework1"/>
    <property name="file.separator" value="\"/>
    <property name="line.separator" value="&#10;"/>
    <property name="java.vm.specification.vendor" value="Oracle Corporation"/>
    <property name="java.specification.name" value="Java Platform API Specification"/>
    <property name="java.awt.graphicsenv" value="sun.awt.Win32GraphicsEnvironment"/>
    <property name="surefire.real.class.path" value="C:\Users\Sudhansu\AppData\Local\Temp\surefire4325713984943019774\surefirebooter7495197454745598091.jar"/>
    <property name="sun.boot.class.path" value="C:\Program Files\Java\jdk1.8.0_102\jre\lib\resources.jar;C:\Program Files\Java\jdk1.8.0_102\jre\lib\rt.jar;C:\Program Files\Java\jdk1.8.0_102\jre\lib\sunrsasign.jar;C:\Program Files\Java\jdk1.8.0_102\jre\lib\jsse.jar;C:\Program Files\Java\jdk1.8.0_102\jre\lib\jce.jar;C:\Program Files\Java\jdk1.8.0_102\jre\lib\charsets.jar;C:\Program Files\Java\jdk1.8.0_102\jre\lib\jfr.jar;C:\Program Files\Java\jdk1.8.0_102\jre\classes"/>
    <property name="user.script" value=""/>
    <property name="sun.management.compiler" value="HotSpot 64-Bit Tiered Compilers"/>
    <property name="java.runtime.version" value="1.8.0_102-b14"/>
    <property name="user.name" value="Sudhansu"/>
    <property name="path.separator" value=";"/>
    <property name="os.version" value="6.1"/>
    <property name="java.endorsed.dirs" value="C:\Program Files\Java\jdk1.8.0_102\jre\lib\endorsed"/>
    <property name="java.runtime.name" value="Java(TM) SE Runtime Environment"/>
    <property name="file.encoding" value="Cp1252"/>
    <property name="executionBrowser" value=""/>
    <property name="java.vm.name" value="Java HotSpot(TM) 64-Bit Server VM"/>
    <property name="localRepository" value="C:\Users\Sudhansu\.m2\repository"/>
    <property name="java.vendor.url.bug" value="http://bugreport.sun.com/bugreport/"/>
    <property name="java.io.tmpdir" value="C:\Users\Sudhansu\AppData\Local\Temp\"/>
    <property name="java.version" value="1.8.0_102"/>
    <property name="user.dir" value="C:\Users\Sudhansu\git\repository\Framework1"/>
    <property name="os.arch" value="amd64"/>
    <property name="java.vm.specification.name" value="Java Virtual Machine Specification"/>
    <property name="java.awt.printerjob" value="sun.awt.windows.WPrinterJob"/>
    <property name="sun.os.patch.level" value="Service Pack 1"/>
    <property name="java.library.path" value="C:\Program Files\Java\jdk1.8.0_102\jre\bin;C:\Windows\Sun\Java\bin;C:\Windows\system32;C:\Windows;C:\Program Files\Java\jdk1.8.0_102\bin;C:\Program Files\Git\cmd;C:\Users\Sudhansu\Desktop\apache-maven-3.6.3\bin;C:\Program Files\MySQL\MySQL Shell 8.0\bin\;C:\Program Files\Docker Toolbox;."/>
    <property name="java.vm.info" value="mixed mode"/>
    <property name="java.vendor" value="Oracle Corporation"/>
    <property name="java.vm.version" value="25.102-b14"/>
    <property name="java.ext.dirs" value="C:\Program Files\Java\jdk1.8.0_102\jre\lib\ext;C:\Windows\Sun\Java\lib\ext"/>
    <property name="sun.io.unicode.encoding" value="UnicodeLittle"/>
    <property name="java.class.version" value="52.0"/>
  </properties>
  <testcase name="setup" classname="com.learnautomation.testcases.LoginTestCRm" time="0.894">
    <failure message="&#10;Parameter &apos;browser&apos; is required by BeforeClass on method setup but has not been marked @Optional or defined&#10;in C:\Users\Sudhansu\git\repository\Framework1\XMLfiles\testng.xml" type="org.testng.TestNGException"><![CDATA[org.testng.TestNGException: 

Parameter 'browser' is required by BeforeClass on method setup but has not been marked @Optional or defined
in C:\Users\Sudhansu\git\repository\Framework1\XMLfiles\testng.xml
]]></failure>
    <system-out><![CDATA[Setting up reports and tests started
Testinng can be done
]]></system-out>
  </testcase>
  <testcase name="loginApp" classname="com.learnautomation.testcases.LoginTestCRm" time="0">
    <skipped message="&#10;Parameter &apos;browser&apos; is required by BeforeClass on method setup but has not been marked @Optional or defined&#10;in C:\Users\Sudhansu\git\repository\Framework1\XMLfiles\testng.xml"/>
  </testcase>
  <testcase name="tearDown" classname="com.learnautomation.testcases.LoginTestCRm" time="0">
    <skipped/>
  </testcase>
</testsuite>